Hello jovel
Hello jovel
Hello jovel
Hello world
Hello world
hello yoda 
hello yoda 
hello yoda 
hello yoda 
hello yoda 
hello yoda 
hello yoda 
hello yoda 
hello yoda 
hello yoda 
hello yoda 
hello yoda 
hello yoda 
hello yoda 
hello yoda 
hello yoda and donald 
hello yoda and donald 
hello yoda and donald 
hello yoda and donald 
hello yoda and donald 
hello yoda and me 
hello yoda and me 
hello yoda and me 
hello yoda and me 
hello yoda and me 
hello yoda and me 
hello yoda and me 
hello yoda and mickey 
hello yoda and mickey 
hello yoda and mickey 
hello yoda and mickey 
hello yoda and mickey 
hello yoda and mickey 
hello/nhello/nC::hotwheels101A::wazzupC:3:hotwheels101A:1:wazzupC:3:hotwheels101C:3:hotwheels101B:2:how to do drugsC:3:hotwheels101A:1:wazzupC:3:hotwheels101C:3:hotwheels101B:2:how to do drugsC:3:hotwheels101A:1:wazzupC:3:hotwheels101C:3:hotwheels101B:2:how to do drugsC:3:hotwheels101C:3:hotwheels101C:3:hotwheels101C:3:hotwheels101C:3:hotwheels101C:3:hotwheels101C:3:hotwheels101C:3:hotwheels101C:3:hotwheels101C:3:hotwheels101C:3:hotwheels101C:3:hotwheels101C:3:hotwheels101A:1:wazzupA:1:wazzupC:3:hotwheels101C:3:hotwheels101C:3:hotwheels101C:3:hotwheels101
C:3:hotwheels101
C:1:hotwheels101
C:1:hotwheels101
C:2:wazzup
C:1:hotwheels101
C:1:hotwheels101
C:2:wazzup
C:1:hotwheels101
C:2:wazzup
C:1:hotwheels101
C:2:wazzup
B:1:hotwheels101
E:2:wazzup
A:3:hotwheels101
A:3:hotwheels101
A:3:hotwheels101
A:3:hotwheels101
B:2:how to do drugs
B:2:how to do drugs
B:2:how to do drugs
B:2:how to do drugs
B:2:how to do drugs
B:2:how to do drugs
B:2:how to do drugs
B:2:how to do drugs
B:2:how to do drugs
B:2:how to do drugs
B:2:how to do drugs
B:1:hotwheels101
E:2:wazzup
A:3:how to do drugs
B:1:hotwheels101
E:2:wazzup
B:1:hotwheels101
B:1:hotwheels101
E:2:wazzup
A:3:how to do drugs
A:3:how to do drugs
C:3:how to do drugs
B:1:hotwheels101
E:2:wazzup
A:3:how to do drugs
A:3:how to do drugs
C:3:how to do drugs
B:1:hotwheels101
E:2:viel spaß
A:3:bundesliga
A:3:das is verrückt
C:3:bundesliga
B:1:hotwheels101
E:2:viel spaß
A:3:bundesliga
A:3:das is verrückt
C:3:bundesliga
B:1:hotwheels101
E:2:viel spaß
A:3:bundesliga
A:3:das is verrückt
C:3:bundesliga
B:1:hotwheels101
E:2:viel spaß
A:3:bundesliga
A:3:das is verrückt
C:3:bundesliga
B:1:hotwheels101
E:2:viel spaß
A:3:bundesliga
A:3:das is verrückt
C:3:bundesliga
B:1:hotwheels101
E:2:viel spaß
A:3:bundesliga
A:3:das is verrückt
C:3:bundesliga
E:1:hotwheels101
A:3:das is verrückt
B:1:hotwheels101
E:2:viel spaß
A:3:bundesliga
A:3:das is verrückt
C:3:bundesliga
E:1:hotwheels101
B:1:hotwheels101
E:2:viel spaß
A:3:bundesliga
A:3:das is verrückt
B:1:hotwheels101
E:2:viel spaß
A:3:bundesliga
A:3:das is verrückt
C:3:bundesliga
E:1:hotwheels101
B:1:hotwheels101
E:2:viel spaß
A:3:bundesliga
A:3:das is verrückt
C:3:bundesliga
E:1:hotwheels101
B:1:hotwheels101
:2:viel spaß
A:3:bundesliga
A:3:das is verrückt
C:3:bundesliga
:1:hotwheels101
